create schema test_force_vector2;
set current_schema=test_force_vector2;
create table force_vector_test(id int, val1 int, val2 numeric(10,5));
insert into force_vector_test values(generate_series(1, 10000), generate_series(1, 1000), generate_series(1, 2000));
analyze force_vector_test;
-- partition table
create table force_vector_partition(id int, val1 int, val2 text)
partition by range(id) (
  partition force_vector_p1 values less than (2001),
  partition force_vector_p2 values less than (4001),
  partition force_vector_p3 values less than (6001),
  partition force_vector_p4 values less than (8001),
  partition force_vector_p5 values less than (MAXVALUE)
);
insert into force_vector_partition values(generate_series(1, 10000), generate_series(1, 2000), generate_series(1, 5000));
analyze force_vector_partition;
explain (analyze on, timing off) select /*+ set(try_vector_engine_strategy force) */ id, val1*2, val2+val1 as val3 from force_vector_test where id < 5000 and val1 < 500 order by id limit 10;
                                                        QUERY PLAN                                                         
---------------------------------------------------------------------------------------------------------------------------
 Row Adapter  (cost=277.80..277.80 rows=10 width=13) (actual rows=10 loops=1)
   ->  Vector Limit  (cost=277.77..277.80 rows=10 width=13) (actual rows=10 loops=1)
         ->  Vector Sort  (cost=277.77..284.02 rows=2500 width=13) (actual rows=10 loops=1)
               Sort Key: id
               Sort Method: top-N heapsort  Memory: 4kB
               ->  Vector Adapter(type: BATCH MODE)  (cost=223.75..223.75 rows=2500 width=13) (actual rows=2495 loops=1)
                     Filter: ((id < 5000) AND (val1 < 500))
                     Rows Removed by Filter: 7505
                     ->  Seq Scan on force_vector_test  (cost=0.00..223.75 rows=2500 width=13) (actual rows=10000 loops=1)
--?.*
(10 rows)

explain (analyze on, timing off) select /*+ set(try_vector_engine_strategy force) */ id, avg(val1), sum(val2) from force_vector_partition group by id order by id limit 10;
                                                                       QUERY PLAN                                                                        
---------------------------------------------------------------------------------------------------------------------------------------------------------
 Row Adapter  (cost=596.12..596.12 rows=10 width=76) (actual rows=10 loops=1)
   ->  Vector Limit  (cost=596.10..596.12 rows=10 width=76) (actual rows=10 loops=1)
         ->  Vector Sort  (cost=596.10..621.10 rows=10000 width=76) (actual rows=10 loops=1)
               Sort Key: id
               Sort Method: top-N heapsort  Memory: 5kB
               ->  Vector Hash Aggregate  (cost=255.00..380.00 rows=10000 width=76) (actual rows=10000 loops=1)
                     Group By Key: id
                     ->  Vector Partition Iterator  (cost=0.00..155.00 rows=10000 width=12) (actual rows=10000 loops=1)
                           Iterations: 5
                           ->  Vector Adapter(type: BATCH MODE)  (cost=155.00..155.00 rows=10000 width=12) (actual rows=10000 loops=5)
                                 ->  Partitioned Seq Scan on force_vector_partition  (cost=0.00..155.00 rows=10000 width=12) (actual rows=10000 loops=5)
                                       Selected Partitions:  1..5
--?.*
(13 rows)

create table t1(id int, val1 name, val2 macaddr, val3 uuid, val4 unknown);
WARNING:  column "val4" has type "unknown"
DETAIL:  Proceeding with relation creation anyway.
insert into t1 values(1, 'abcdabcdabcdabcdabcdabcdabcdabcdabcdabcdabcdabcdabcdabcdabcd123', '08:01:04:03:05:01', 'A0EEBC99-9C0B-4EF8-BB6D-6BB9BD380A11', 'abcd'),(2, 'abcdabcdabcdabcdabcdabcdabcdabcdabcdabcdabcdabcdabcdabcdabcd124', '08:01:04:03:05:02', 'A0EEBC99-9C0B-4EF8-BB6D-6BB9BD380A12', 'abcc');
set try_vector_engine_strategy=force;
select val1, count(id) from t1 group by val1;
                              val1                               | count 
-----------------------------------------------------------------+-------
 abcdabcdabcdabcdabcdabcdabcdabcdabcdabcdabcdabcdabcdabcdabcd123 |     1
 abcdabcdabcdabcdabcdabcdabcdabcdabcdabcdabcdabcdabcdabcdabcd124 |     1
(2 rows)

select val2, count(id) from t1 group by val2;
       val2        | count 
-------------------+-------
 08:01:04:03:05:01 |     1
 08:01:04:03:05:02 |     1
(2 rows)

select val3, count(id) from t1 group by val3;
                 val3                 | count 
--------------------------------------+-------
 a0eebc99-9c0b-4ef8-bb6d-6bb9bd380a11 |     1
 a0eebc99-9c0b-4ef8-bb6d-6bb9bd380a12 |     1
(2 rows)

select val4, count(id) from t1 group by val4;
 val4 | count 
------+-------
 abcc |     1
 abcd |     1
(2 rows)

create table force_tb1(c1 int,c2 int);
insert into force_tb1 values(1,1);
insert into force_tb1 values(2,2);
create incremental materialized view v_force as select * from force_tb1;
select * from v_force order by 1;
 c1 | c2 
----+----
  1 |  1
  2 |  2
(2 rows)

CREATE TABLE force_vector_dept(deptNO INT PRIMARY KEY,DNAME VARCHAR(14),LOC VARCHAR(13));
NOTICE:  CREATE TABLE / PRIMARY KEY will create implicit index "force_vector_dept_pkey" for table "force_vector_dept"
INSERT INTO force_vector_dept VALUES (20,'RESEARCH','DALLAS');
CREATE TABLE force_vector_emp(EMPNO INT PRIMARY KEY,ENAME VARCHAR(10),JOB VARCHAR(9),MGR numeric,HIREDATE DATE,SAL numeric,COMM numeric,deptNO INT, FOREIGN KEY(deptNO) REFERENCES force_vector_dept(deptNO));
NOTICE:  CREATE TABLE / PRIMARY KEY will create implicit index "force_vector_emp_pkey" for table "force_vector_emp"
INSERT INTO force_vector_emp VALUES(7369,'SMITH','CLERK',7902,'1980-12-17',800,NULL,20);
explain plan for select e.empno,e.ename,e.sal,d.dname from force_vector_emp e inner join force_vector_dept d on d.deptNO= e.deptNO;
select id,operation,options,object_name,object_type,projection from plan_table order by 1;
 id |           operation            | options  |    object_name    | object_type |            projection             
----+--------------------------------+----------+-------------------+-------------+-----------------------------------
  1 | ROW ADAPTER                    |          |                   |             | e.empno, e.ename, e.sal, d.dname
  2 | VECTOR SONIC HASH JOIN         | INNER    |                   |             | e.empno, e.ename, e.sal, d.dname
  3 | VECTOR ADAPTER(TYPE: BATCH MOD |          |                   |             | d.dname, d.deptno
  4 | TABLE ACCESS                   | SEQ SCAN | force_vector_dept | TABLE       | d.dname, d.deptno
  5 | VECTOR ADAPTER(TYPE: BATCH MOD |          |                   |             | e.empno, e.ename, e.sal, e.deptno
  6 | TABLE ACCESS                   | SEQ SCAN | force_vector_emp  | TABLE       | e.empno, e.ename, e.sal, e.deptno
(6 rows)

set try_vector_engine_strategy=off;
drop table force_vector_emp;
drop table force_vector_dept;
drop table force_vector_test;
drop schema test_force_vector2 cascade;
NOTICE:  drop cascades to 6 other objects
DETAIL:  drop cascades to table force_vector_partition
drop cascades to table t1
drop cascades to table force_tb1
drop cascades to materialized view v_force
--?.*
--?.*
